time="2022-09-30T01:51:33+04:00" level=info msg="Parsing flag" func="main.main()" file="main.go:29"
time="2022-09-30T01:51:33+04:00" level=info msg="Config initialization" func="main.main()" file="main.go:31"
time="2022-09-30T01:51:33+04:00" level=fatal msg="open configs/apiserver.toml: The system cannot find the file specified." func="main.main()" file="main.go:35"
time="2022-09-30T01:52:07+04:00" level=info msg="Parsing flag" func="main.main()" file="main.go:29"
time="2022-09-30T01:52:07+04:00" level=info msg="Config initialization" func="main.main()" file="main.go:31"
time="2022-09-30T01:52:07+04:00" level=info msg="Starting apiserver addr : :8081\n" func="main.main()" file="main.go:37"
time="2022-09-30T01:52:07+04:00" level=fatal msg="sql: unknown driver \"postgres\" (forgotten import?)" func="main.main()" file="main.go:39"
time="2022-09-30T01:55:40+04:00" level=info msg="Parsing flag" func="main.main()" file="main.go:29"
time="2022-09-30T01:55:40+04:00" level=info msg="Config initialization" func="main.main()" file="main.go:31"
time="2022-09-30T01:55:40+04:00" level=info msg="Starting apiserver addr : :8081\n" func="main.main()" file="main.go:37"
time="2022-09-30T01:55:40+04:00" level=fatal msg="sql: unknown driver \"postgres\" (forgotten import?)" func="main.main()" file="main.go:39"
time="2022-09-30T02:00:25+04:00" level=info msg="Parsing flag" func="main.main()" file="main.go:29"
time="2022-09-30T02:00:25+04:00" level=info msg="Config initialization" func="main.main()" file="main.go:31"
time="2022-09-30T02:00:25+04:00" level=info msg="Starting apiserver addr : :8081\n" func="main.main()" file="main.go:37"
time="2022-09-30T02:13:07+04:00" level=info msg="Parsing flag" func="main.main()" file="main.go:29"
time="2022-09-30T02:13:07+04:00" level=info msg="Config initialization" func="main.main()" file="main.go:31"
time="2022-09-30T02:13:07+04:00" level=info msg="Starting apiserver addr : :8081\n" func="main.main()" file="main.go:37"
time="2022-09-30T02:14:16+04:00" level=info msg="Parsing flag" func="main.main()" file="main.go:29"
time="2022-09-30T02:14:16+04:00" level=info msg="Config initialization" func="main.main()" file="main.go:31"
time="2022-09-30T02:14:16+04:00" level=info msg="Starting apiserver addr : :8081\n" func="main.main()" file="main.go:37"
time="2022-09-30T02:15:20+04:00" level=info msg="Parsing flag" func="main.main()" file="main.go:29"
time="2022-09-30T02:15:20+04:00" level=info msg="Config initialization" func="main.main()" file="main.go:31"
time="2022-09-30T02:15:20+04:00" level=info msg="Starting apiserver addr : :8081\n" func="main.main()" file="main.go:37"
time="2022-09-30T02:16:36+04:00" level=info msg="Parsing flag" func="main.main()" file="main.go:29"
time="2022-09-30T02:16:36+04:00" level=info msg="Config initialization" func="main.main()" file="main.go:31"
time="2022-09-30T02:16:36+04:00" level=info msg="Starting apiserver addr : :8081\n" func="main.main()" file="main.go:37"
time="2022-09-30T02:18:15+04:00" level=info msg="Parsing flag" func="main.main()" file="main.go:29"
time="2022-09-30T02:18:15+04:00" level=info msg="Config initialization" func="main.main()" file="main.go:31"
time="2022-09-30T02:18:15+04:00" level=info msg="Starting apiserver addr : :8081\n" func="main.main()" file="main.go:37"
time="2022-09-30T02:20:13+04:00" level=info msg="Parsing flag" func="main.main()" file="main.go:29"
time="2022-09-30T02:20:13+04:00" level=info msg="Config initialization" func="main.main()" file="main.go:31"
time="2022-09-30T02:20:13+04:00" level=info msg="Starting apiserver addr : :8081\n" func="main.main()" file="main.go:37"
time="2022-09-30T02:28:17+04:00" level=info msg="Parsing flag" func="main.main()" file="main.go:29"
time="2022-09-30T02:28:17+04:00" level=info msg="Config initialization" func="main.main()" file="main.go:31"
time="2022-09-30T02:28:17+04:00" level=info msg="Starting apiserver addr : :8081\n" func="main.main()" file="main.go:37"
time="2022-09-30T02:29:30+04:00" level=info msg="Parsing flag" func="main.main()" file="main.go:29"
time="2022-09-30T02:29:30+04:00" level=info msg="Config initialization" func="main.main()" file="main.go:31"
time="2022-09-30T02:29:30+04:00" level=info msg="Starting apiserver addr : :8081\n" func="main.main()" file="main.go:37"
time="2022-09-30T02:30:13+04:00" level=info msg="Parsing flag" func="main.main()" file="main.go:29"
time="2022-09-30T02:30:13+04:00" level=info msg="Config initialization" func="main.main()" file="main.go:31"
time="2022-09-30T02:30:13+04:00" level=info msg="Starting apiserver addr : :8081\n" func="main.main()" file="main.go:37"
time="2022-09-30T02:31:29+04:00" level=info msg="Parsing flag" func="main.main()" file="main.go:29"
time="2022-09-30T02:31:29+04:00" level=info msg="Config initialization" func="main.main()" file="main.go:31"
time="2022-09-30T02:31:29+04:00" level=info msg="Starting apiserver addr : :8081\n" func="main.main()" file="main.go:37"
time="2022-09-30T02:32:33+04:00" level=info msg="Parsing flag" func="main.main()" file="main.go:29"
time="2022-09-30T02:32:33+04:00" level=info msg="Config initialization" func="main.main()" file="main.go:31"
time="2022-09-30T02:32:33+04:00" level=info msg="Starting apiserver addr : :8081\n" func="main.main()" file="main.go:37"
time="2022-09-30T02:33:02+04:00" level=info msg="Parsing flag" func="main.main()" file="main.go:29"
time="2022-09-30T02:33:02+04:00" level=info msg="Config initialization" func="main.main()" file="main.go:31"
time="2022-09-30T02:33:02+04:00" level=info msg="Starting apiserver addr : :8081\n" func="main.main()" file="main.go:37"
time="2022-09-30T02:33:38+04:00" level=info msg="Parsing flag" func="main.main()" file="main.go:29"
time="2022-09-30T02:33:38+04:00" level=info msg="Config initialization" func="main.main()" file="main.go:31"
time="2022-09-30T02:33:38+04:00" level=info msg="Starting apiserver addr : :8081\n" func="main.main()" file="main.go:37"
time="2022-09-30T02:34:31+04:00" level=info msg="Parsing flag" func="main.main()" file="main.go:29"
time="2022-09-30T02:34:31+04:00" level=info msg="Config initialization" func="main.main()" file="main.go:31"
time="2022-09-30T02:34:31+04:00" level=info msg="Starting apiserver addr : :8081\n" func="main.main()" file="main.go:37"
time="2022-09-30T02:35:39+04:00" level=info msg="Parsing flag" func="main.main()" file="main.go:29"
time="2022-09-30T02:35:39+04:00" level=info msg="Config initialization" func="main.main()" file="main.go:31"
time="2022-09-30T02:35:39+04:00" level=info msg="Starting apiserver addr : :8081\n" func="main.main()" file="main.go:37"
time="2022-09-30T02:37:41+04:00" level=info msg="Parsing flag" func="main.main()" file="main.go:29"
time="2022-09-30T02:37:41+04:00" level=info msg="Config initialization" func="main.main()" file="main.go:31"
time="2022-09-30T02:37:41+04:00" level=info msg="Starting apiserver addr : :8081\n" func="main.main()" file="main.go:37"
time="2022-09-30T02:39:03+04:00" level=info msg="Parsing flag" func="main.main()" file="main.go:29"
time="2022-09-30T02:39:03+04:00" level=info msg="Config initialization" func="main.main()" file="main.go:31"
time="2022-09-30T02:39:03+04:00" level=info msg="Starting apiserver addr : :8081\n" func="main.main()" file="main.go:37"
time="2022-09-30T12:13:16+04:00" level=info msg="Parsing flag" func="main.main()" file="main.go:29"
time="2022-09-30T12:13:16+04:00" level=info msg="Config initialization" func="main.main()" file="main.go:31"
time="2022-09-30T12:13:16+04:00" level=info msg="Starting apiserver addr : :8081\n" func="main.main()" file="main.go:37"
time="2022-09-30T12:14:22+04:00" level=info msg="Parsing flag" func="main.main()" file="main.go:29"
time="2022-09-30T12:14:22+04:00" level=info msg="Config initialization" func="main.main()" file="main.go:31"
time="2022-09-30T12:14:22+04:00" level=info msg="Starting apiserver addr : :8081\n" func="main.main()" file="main.go:37"
time="2022-09-30T12:16:33+04:00" level=info msg="Parsing flag" func="main.main()" file="main.go:29"
time="2022-09-30T12:16:33+04:00" level=info msg="Config initialization" func="main.main()" file="main.go:31"
time="2022-09-30T12:16:33+04:00" level=info msg="Starting apiserver addr : :8081\n" func="main.main()" file="main.go:37"
time="2022-09-30T12:19:12+04:00" level=info msg="Parsing flag" func="main.main()" file="main.go:29"
time="2022-09-30T12:19:12+04:00" level=info msg="Config initialization" func="main.main()" file="main.go:31"
time="2022-09-30T12:19:12+04:00" level=info msg="Starting apiserver addr : :8081\n" func="main.main()" file="main.go:37"
time="2022-09-30T12:28:35+04:00" level=info msg="Parsing flag" func="main.main()" file="main.go:29"
time="2022-09-30T12:28:35+04:00" level=info msg="Config initialization" func="main.main()" file="main.go:31"
time="2022-09-30T12:28:35+04:00" level=info msg="Starting apiserver addr : :8081\n" func="main.main()" file="main.go:37"
time="2022-09-30T12:58:45+04:00" level=info msg="Parsing flag" func="main.main()" file="main.go:29"
time="2022-09-30T12:58:45+04:00" level=info msg="Config initialization" func="main.main()" file="main.go:31"
time="2022-09-30T12:58:45+04:00" level=info msg="Starting apiserver addr : :8081\n" func="main.main()" file="main.go:37"
time="2022-09-30T13:01:00+04:00" level=info msg="Parsing flag" func="main.main()" file="main.go:29"
time="2022-09-30T13:01:00+04:00" level=info msg="Config initialization" func="main.main()" file="main.go:31"
time="2022-09-30T13:01:00+04:00" level=info msg="Starting apiserver addr : :8081\n" func="main.main()" file="main.go:37"
time="2022-09-30T13:07:07+04:00" level=info msg="Parsing flag" func="main.main()" file="main.go:29"
time="2022-09-30T13:07:07+04:00" level=info msg="Config initialization" func="main.main()" file="main.go:31"
time="2022-09-30T13:07:07+04:00" level=info msg="Starting apiserver addr : :8081\n" func="main.main()" file="main.go:37"
time="2022-09-30T13:08:23+04:00" level=info msg="Parsing flag" func="main.main()" file="main.go:29"
time="2022-09-30T13:08:23+04:00" level=info msg="Config initialization" func="main.main()" file="main.go:31"
time="2022-09-30T13:08:23+04:00" level=info msg="Starting apiserver addr : :8081\n" func="main.main()" file="main.go:37"
time="2022-09-30T13:10:53+04:00" level=info msg="Parsing flag" func="main.main()" file="main.go:29"
time="2022-09-30T13:10:53+04:00" level=info msg="Config initialization" func="main.main()" file="main.go:31"
time="2022-09-30T13:10:53+04:00" level=info msg="Starting apiserver addr : :8081\n" func="main.main()" file="main.go:37"
time="2022-09-30T13:11:32+04:00" level=info msg="Parsing flag" func="main.main()" file="main.go:29"
time="2022-09-30T13:11:32+04:00" level=info msg="Config initialization" func="main.main()" file="main.go:31"
time="2022-09-30T13:11:32+04:00" level=info msg="Starting apiserver addr : :8081\n" func="main.main()" file="main.go:37"
time="2022-09-30T13:13:08+04:00" level=info msg="Parsing flag" func="main.main()" file="main.go:29"
time="2022-09-30T13:13:08+04:00" level=info msg="Config initialization" func="main.main()" file="main.go:31"
time="2022-09-30T13:13:08+04:00" level=info msg="Starting apiserver addr : :8081\n" func="main.main()" file="main.go:37"
time="2022-09-30T13:16:32+04:00" level=info msg="Parsing flag" func="main.main()" file="main.go:29"
time="2022-09-30T13:16:32+04:00" level=info msg="Config initialization" func="main.main()" file="main.go:31"
time="2022-09-30T13:16:32+04:00" level=info msg="Starting apiserver addr : :8081\n" func="main.main()" file="main.go:37"
time="2022-09-30T13:17:42+04:00" level=info msg="Parsing flag" func="main.main()" file="main.go:29"
time="2022-09-30T13:17:42+04:00" level=info msg="Config initialization" func="main.main()" file="main.go:31"
time="2022-09-30T13:17:42+04:00" level=info msg="Starting apiserver addr : :8081\n" func="main.main()" file="main.go:37"
time="2022-09-30T13:18:39+04:00" level=info msg="Parsing flag" func="main.main()" file="main.go:29"
time="2022-09-30T13:18:39+04:00" level=info msg="Config initialization" func="main.main()" file="main.go:31"
time="2022-09-30T13:18:39+04:00" level=info msg="Starting apiserver addr : :8081\n" func="main.main()" file="main.go:37"
time="2022-09-30T13:19:42+04:00" level=info msg="Parsing flag" func="main.main()" file="main.go:29"
time="2022-09-30T13:19:42+04:00" level=info msg="Config initialization" func="main.main()" file="main.go:31"
time="2022-09-30T13:19:42+04:00" level=info msg="Starting apiserver addr : :8081\n" func="main.main()" file="main.go:37"
time="2022-09-30T13:20:23+04:00" level=info msg="Parsing flag" func="main.main()" file="main.go:29"
time="2022-09-30T13:20:23+04:00" level=info msg="Config initialization" func="main.main()" file="main.go:31"
time="2022-09-30T13:20:23+04:00" level=info msg="Starting apiserver addr : :8081\n" func="main.main()" file="main.go:37"
time="2022-09-30T13:21:03+04:00" level=info msg="Parsing flag" func="main.main()" file="main.go:29"
time="2022-09-30T13:21:03+04:00" level=info msg="Config initialization" func="main.main()" file="main.go:31"
time="2022-09-30T13:21:03+04:00" level=info msg="Starting apiserver addr : :8081\n" func="main.main()" file="main.go:37"
time="2022-09-30T13:25:03+04:00" level=info msg="Parsing flag" func="main.main()" file="main.go:29"
time="2022-09-30T13:25:03+04:00" level=info msg="Config initialization" func="main.main()" file="main.go:31"
time="2022-09-30T13:25:03+04:00" level=info msg="Starting apiserver addr : :8081\n" func="main.main()" file="main.go:37"
time="2022-09-30T13:26:13+04:00" level=info msg="Parsing flag" func="main.main()" file="main.go:29"
time="2022-09-30T13:26:13+04:00" level=info msg="Config initialization" func="main.main()" file="main.go:31"
time="2022-09-30T13:26:13+04:00" level=info msg="Starting apiserver addr : :8081\n" func="main.main()" file="main.go:37"
time="2022-09-30T13:28:52+04:00" level=info msg="Parsing flag" func="main.main()" file="main.go:29"
time="2022-09-30T13:28:52+04:00" level=info msg="Config initialization" func="main.main()" file="main.go:31"
time="2022-09-30T13:28:52+04:00" level=info msg="Starting apiserver addr : :8081\n" func="main.main()" file="main.go:37"
time="2022-09-30T13:29:43+04:00" level=info msg="Parsing flag" func="main.main()" file="main.go:29"
time="2022-09-30T13:29:43+04:00" level=info msg="Config initialization" func="main.main()" file="main.go:31"
time="2022-09-30T13:29:43+04:00" level=info msg="Starting apiserver addr : :8081\n" func="main.main()" file="main.go:37"
time="2022-09-30T13:30:19+04:00" level=info msg="Parsing flag" func="main.main()" file="main.go:29"
time="2022-09-30T13:30:19+04:00" level=info msg="Config initialization" func="main.main()" file="main.go:31"
time="2022-09-30T13:30:19+04:00" level=info msg="Starting apiserver addr : :8081\n" func="main.main()" file="main.go:37"
time="2022-09-30T13:32:35+04:00" level=info msg="Parsing flag" func="main.main()" file="main.go:29"
time="2022-09-30T13:32:35+04:00" level=info msg="Config initialization" func="main.main()" file="main.go:31"
time="2022-09-30T13:32:35+04:00" level=info msg="Starting apiserver addr : :8081\n" func="main.main()" file="main.go:37"
time="2022-09-30T13:35:50+04:00" level=info msg="Parsing flag" func="main.main()" file="main.go:29"
time="2022-09-30T13:35:50+04:00" level=info msg="Config initialization" func="main.main()" file="main.go:31"
time="2022-09-30T13:35:50+04:00" level=info msg="Starting apiserver addr : :8081\n" func="main.main()" file="main.go:37"
time="2022-09-30T13:40:21+04:00" level=info msg="Parsing flag" func="main.main()" file="main.go:29"
time="2022-09-30T13:40:21+04:00" level=info msg="Config initialization" func="main.main()" file="main.go:31"
time="2022-09-30T13:40:21+04:00" level=info msg="Starting apiserver addr : :8081\n" func="main.main()" file="main.go:37"
